<?xml version="1.0" encoding="UTF-8"?>
<!-- Generated by org.testng.reporters.JUnitReportReporter -->
<testsuite hostname="ip-10-212-0-77.us-west-2.compute.internal" failures="0" tests="1" name="lab.ManageDemandTest" time="0.002" errors="0" timestamp="2022-03-31T17:25:14 PET" skipped="0">
  <testcase classname="lab.ManageDemandTest" name="test_AllOrdersFromPeru" time="0.002"/>
</testsuite> <!-- lab.ManageDemandTest -->
